<?xml version="1.0" encoding="UTF-8"?>
<Site BuildName="Darwin-clang++"
	BuildStamp="20231117-2058-Experimental"
	Name="MacBook-Pro-von-Lucas.fritz.box"
	Generator="ctest-3.27.8"
	CompilerName="/usr/bin/clang++"
	CompilerVersion="15.0.0.15000040"
	OSName="macOS"
	Hostname="MBP-von-Lucas.fritz.box"
	OSRelease="14.0"
	OSVersion="23A344"
	OSPlatform="arm64"
	Is64Bits="1"
	VendorString="IBM"
	VendorID="IBM"
	FamilyID="16777228"
	ModelID="2"
	ProcessorCacheSize="131072"
	NumberOfLogicalCPU="8"
	NumberOfPhysicalCPU="8"
	TotalVirtualMemory="2048"
	TotalPhysicalMemory="16384"
	LogicalProcessorsPerPhysical="8"
	ProcessorClockFrequency="0"
	>
	<Testing>
		<StartDateTime>Nov 17 23:05 CET</StartDateTime>
		<StartTestTime>1700258749</StartTestTime>
		<TestList/>
		<EndDateTime>Nov 17 23:05 CET</EndDateTime>
		<EndTestTime>1700258749</EndTestTime>
		<ElapsedMinutes>0</ElapsedMinutes>
	</Testing>
</Site>
